0 info it worked if it ends with ok
1 verbose cli [ 'node',
1 verbose cli   '/usr/local/bin/npm',
1 verbose cli   'install',
1 verbose cli   'grunt-contrib-min',
1 verbose cli   '--save-dev' ]
2 info using npm@1.4.28
3 info using node@v0.10.40
4 warn package.json php-common-filterservice@1.0.0 No repository field.
5 verbose readDependencies using package.json deps
6 verbose cache add [ 'grunt-contrib-min', null ]
7 verbose cache add name=undefined spec="grunt-contrib-min" args=["grunt-contrib-min",null]
8 verbose parsed url { protocol: null,
8 verbose parsed url   slashes: null,
8 verbose parsed url   auth: null,
8 verbose parsed url   host: null,
8 verbose parsed url   port: null,
8 verbose parsed url   hostname: null,
8 verbose parsed url   hash: null,
8 verbose parsed url   search: null,
8 verbose parsed url   query: null,
8 verbose parsed url   pathname: 'grunt-contrib-min',
8 verbose parsed url   path: 'grunt-contrib-min',
8 verbose parsed url   href: 'grunt-contrib-min' }
9 silly lockFile 0b42a23a-grunt-contrib-min grunt-contrib-min
10 verbose lock grunt-contrib-min /Users/davidmaes/.npm/0b42a23a-grunt-contrib-min.lock
11 silly lockFile 0b42a23a-grunt-contrib-min grunt-contrib-min
12 silly lockFile 0b42a23a-grunt-contrib-min grunt-contrib-min
13 verbose addNamed [ 'grunt-contrib-min', '' ]
14 verbose addNamed [ null, '*' ]
15 silly lockFile be2046c7-grunt-contrib-min grunt-contrib-min@
16 verbose lock grunt-contrib-min@ /Users/davidmaes/.npm/be2046c7-grunt-contrib-min.lock
17 silly addNameRange { name: 'grunt-contrib-min', range: '*', hasData: false }
18 verbose request where is /grunt-contrib-min
19 verbose request registry https://registry.npmjs.org/
20 verbose request id 0228f62dc6631d06
21 verbose url raw /grunt-contrib-min
22 verbose url resolving [ 'https://registry.npmjs.org/', './grunt-contrib-min' ]
23 verbose url resolved https://registry.npmjs.org/grunt-contrib-min
24 verbose request where is https://registry.npmjs.org/grunt-contrib-min
25 info trying registry request attempt 1 at 17:26:47
26 http GET https://registry.npmjs.org/grunt-contrib-min
27 http 404 https://registry.npmjs.org/grunt-contrib-min
28 silly registry.get cb [ 404,
28 silly registry.get   { 'content-type': 'application/json',
28 silly registry.get     'cache-control': 'max-age=0',
28 silly registry.get     'content-length': '2',
28 silly registry.get     'accept-ranges': 'bytes',
28 silly registry.get     date: 'Sat, 10 Oct 2015 15:26:49 GMT',
28 silly registry.get     via: '1.1 varnish',
28 silly registry.get     age: '0',
28 silly registry.get     connection: 'keep-alive',
28 silly registry.get     'x-served-by': 'cache-ams4129-AMS',
28 silly registry.get     'x-cache': 'MISS',
28 silly registry.get     'x-cache-hits': '0',
28 silly registry.get     'x-timer': 'S1444490809.201006,VS0,VE710' } ]
29 silly lockFile be2046c7-grunt-contrib-min grunt-contrib-min@
30 silly lockFile be2046c7-grunt-contrib-min grunt-contrib-min@
31 error 404 Not Found
31 error 404
31 error 404 'grunt-contrib-min' is not in the npm registry.
31 error 404 You should bug the author to publish it
31 error 404 It was specified as a dependency of 'php-common-filterservice'
31 error 404
31 error 404 Note that you can also install from a
31 error 404 tarball, folder, or http url, or git url.
32 error System Darwin 14.5.0
33 error command "node" "/usr/local/bin/npm" "install" "grunt-contrib-min" "--save-dev"
34 error cwd /Users/davidmaes/Development/personal/php-common-filterservice
35 error node -v v0.10.40
36 error npm -v 1.4.28
37 error code E404
38 verbose exit [ 1, true ]
